<?xml version="1.0" encoding="UTF-8"?>
<testsuite xmlns:xsi="http://www.w3.org/2001/XMLSchema-instance" xsi:noNamespaceSchemaLocation="https://maven.apache.org/surefire/maven-surefire-plugin/xsd/surefire-test-report-3.0.xsd" version="3.0" name="ela.project.vibin.repository.EmotionRepositoryTest" time="4.376" tests="2" errors="0" skipped="0" failures="0">
  <properties>
[...]
</properties>
  <testcase name="findByEmotion_invalidEmotionType_throwsException" classname="ela.project.vibin.repository.EmotionRepositoryTest" time="0.16">
    <system-out><![CDATA[16:16:46.388 [main] INFO org.springframework.test.context.support.AnnotationConfigContextLoaderUtils -- Could not detect default configuration classes for test class [ela.project.vibin.repository.EmotionRepositoryTest]: EmotionRepositoryTest does not declare any static, non-private, non-final, nested classes annotated with @Configuration.
16:16:46.611 [main] INFO org.springframework.boot.test.context.SpringBootTestContextBootstrapper -- Found @SpringBootConfiguration ela.project.vibin.VibinApplication for test class ela.project.vibin.repository.EmotionRepositoryTest
16:16:46.698 [main] INFO org.springframework.boot.devtools.restart.RestartApplicationListener -- Restart disabled due to context in which it is running

  .   ____          _            __ _ _
 /\\ / ___'_ __ _ _(_)_ __  __ _ \ \ \ \
( ( )\___ | '_ | '_| | '_ \/ _` | \ \ \ \
 \\/  ___)| |_)| | | | | || (_| |  ) ) ) )
  '  |____| .__|_| |_|_| |_\__, | / / / /
 =========|_|==============|___/=/_/_/_/

 :: Spring Boot ::                (v3.4.0)

2025-01-13T16:16:47.043-06:00  INFO 2240 --- [vibin] [           main] m.p.springdotenv.DotenvPropertySource    : Initializing Dotenv with DotenvConfig{directory=null, filename=null, ignoreIfMalformed=false, ignoreIfMissing=true, systemProperties=false, prefix=null}
2025-01-13T16:16:47.056-06:00  INFO 2240 --- [vibin] [           main] e.p.v.repository.EmotionRepositoryTest   : Starting EmotionRepositoryTest using Java 23.0.1 with PID 2240 (started by ateod in C:\Users\ateod\OneDrive\Documents\vibin\backend)
2025-01-13T16:16:47.057-06:00  INFO 2240 --- [vibin] [           main] e.p.v.repository.EmotionRepositoryTest   : No active profile set, falling back to 1 default profile: "default"
2025-01-13T16:16:47.478-06:00  INFO 2240 --- [vibin] [           main] .s.d.r.c.RepositoryConfigurationDelegate : Bootstrapping Spring Data JPA repositories in DEFAULT mode.
2025-01-13T16:16:47.622-06:00  INFO 2240 --- [vibin] [           main] .s.d.r.c.RepositoryConfigurationDelegate : Finished Spring Data repository scanning in 131 ms. Found 4 JPA repository interfaces.
2025-01-13T16:16:47.702-06:00  INFO 2240 --- [vibin] [           main] beddedDataSourceBeanFactoryPostProcessor : Replacing 'dataSource' DataSource bean with embedded version
2025-01-13T16:16:47.836-06:00  INFO 2240 --- [vibin] [           main] o.s.j.d.e.EmbeddedDatabaseFactory        : Starting embedded database: url='jdbc:h2:mem:d95608a8-cf94-4c55-ac86-41b334f971eb;DB_CLOSE_DELAY=-1;DB_CLOSE_ON_EXIT=false', username='sa'
2025-01-13T16:16:48.109-06:00  INFO 2240 --- [vibin] [           main] o.hibernate.jpa.internal.util.LogHelper  : HHH000204: Processing PersistenceUnitInfo [name: default]
2025-01-13T16:16:48.188-06:00  INFO 2240 --- [vibin] [           main] org.hibernate.Version                    : HHH000412: Hibernate ORM core version 6.6.2.Final
2025-01-13T16:16:48.221-06:00  INFO 2240 --- [vibin] [           main] o.h.c.internal.RegionFactoryInitiator    : HHH000026: Second-level cache disabled
2025-01-13T16:16:48.317-06:00  INFO 2240 --- [vibin] [           main] o.s.o.j.p.SpringPersistenceUnitInfo      : No LoadTimeWeaver setup: ignoring JPA class transformer
2025-01-13T16:16:48.383-06:00  INFO 2240 --- [vibin] [           main] org.hibernate.orm.connections.pooling    : HHH10001005: Database info:
	Database JDBC URL [Connecting through datasource 'org.springframework.jdbc.datasource.embedded.EmbeddedDatabaseFactory$EmbeddedDataSourceProxy@558575fe']
	Database driver: undefined/unknown
	Database version: 2.3.232
	Autocommit mode: undefined/unknown
	Isolation level: undefined/unknown
	Minimum pool size: undefined/unknown
	Maximum pool size: undefined/unknown
2025-01-13T16:16:49.064-06:00  INFO 2240 --- [vibin] [           main] o.h.e.t.j.p.i.JtaPlatformInitiator       : HHH000489: No JTA platform available (set 'hibernate.transaction.jta.platform' to enable JTA platform integration)
Hibernate: create table emotion (id uuid not null, emotion enum ('anger','fear','joy','love','sadness','surprise') not null, primary key (id))
Hibernate: create table genre (id uuid not null, genre varchar(255) not null, mood_id uuid not null, primary key (id))
Hibernate: create table mood (id uuid not null, mood varchar(255) not null, emotion_id uuid not null, primary key (id))
Hibernate: create table spotify_user (id uuid not null, created_at timestamp(6) with time zone, email varchar(255) not null, primary key (id))
Hibernate: alter table if exists emotion drop constraint if exists UK333gxxmt170mulb2p327bl0k5
Hibernate: alter table if exists emotion add constraint UK333gxxmt170mulb2p327bl0k5 unique (emotion)
Hibernate: alter table if exists genre drop constraint if exists UK89b48lwadspmkos0rx7hidlty
Hibernate: alter table if exists genre add constraint UK89b48lwadspmkos0rx7hidlty unique (genre)
Hibernate: alter table if exists mood drop constraint if exists UKb8b9watf6uii9n82pnyv2ftn2
Hibernate: alter table if exists mood add constraint UKb8b9watf6uii9n82pnyv2ftn2 unique (mood)
Hibernate: alter table if exists spotify_user drop constraint if exists UKt1wka91m4129ihmpkfqgi9y0j
Hibernate: alter table if exists spotify_user add constraint UKt1wka91m4129ihmpkfqgi9y0j unique (email)
Hibernate: alter table if exists genre add constraint FKh29kis9xtgheyu0k2q3coddjh foreign key (mood_id) references mood
Hibernate: alter table if exists mood add constraint FKbvd0htfix0pi447g3tn9eb9vu foreign key (emotion_id) references emotion
2025-01-13T16:16:49.121-06:00  INFO 2240 --- [vibin] [           main] j.LocalContainerEntityManagerFactoryBean : Initialized JPA EntityManagerFactory for persistence unit 'default'
2025-01-13T16:16:49.425-06:00  INFO 2240 --- [vibin] [           main] o.s.d.j.r.query.QueryEnhancerFactory     : Hibernate is in classpath; If applicable, HQL parser will be used.
2025-01-13T16:16:50.152-06:00  INFO 2240 --- [vibin] [           main] e.p.v.repository.EmotionRepositoryTest   : Started EmotionRepositoryTest in 3.462 seconds (process running for 6.674)
]]></system-out>
  </testcase>
  <testcase name="findByEmotion_validEmotionType_returnsEmotion" classname="ela.project.vibin.repository.EmotionRepositoryTest" time="0.192">
    <system-out><![CDATA[Hibernate: insert into emotion (emotion,id) values (?,?)
Hibernate: select e1_0.id,e1_0.emotion from emotion e1_0 where e1_0.emotion=?
]]></system-out>
  </testcase>
</testsuite>